This is pdfTeX, Version 3.141592653-2.6-1.40.27 (MiKTeX 25.4) (preloaded format=pdflatex 2025.12.2)  2 DEC 2025 16:11
entering extended mode
 restricted \write18 enabled.
 file:line:error style messages enabled.
 %&-line parsing enabled.
**c:/Users/Andrea/Documents/GitHub/Intelligent-Drone-Swarm/deliverables/system-design-description/main.tex
(c:/Users/Andrea/Documents/GitHub/Intelligent-Drone-Swarm/deliverables/system-design-description/main.tex
LaTeX2e <2025-11-01>
L3 programming layer <2025-11-06>
(IEEEtran.cls
Document Class: IEEEtran 2015/08/26 V1.8b by Michael Shell
-- See the "IEEEtran_HOWTO" manual for usage information.
-- http://www.michaelshell.org/tex/ieeetran/
\@IEEEtrantmpdimenA=\dimen148
\@IEEEtrantmpdimenB=\dimen149
\@IEEEtrantmpdimenC=\dimen150
\@IEEEtrantmpcountA=\count275
\@IEEEtrantmpcountB=\count276
\@IEEEtrantmpcountC=\count277
\@IEEEtrantmptoksA=\toks17
LaTeX Font Info:    Trying to load font information for OT1+ptm on input line 503.
(C:\Program Files\MiKTeX\tex/latex/psnfss\ot1ptm.fd
File: ot1ptm.fd 2001/06/04 font definitions for OT1/ptm.
)
** ATTENTION: Single column mode is not typically used with IEEE publications.
-- Using 8.5in x 11in (letter) paper.
-- Using PDF output.
\@IEEEnormalsizeunitybaselineskip=\dimen151
-- This is an 11 point document.
LaTeX Encoding Info:    Redeclaring text command \textunderscore (encoding ?) on input line 937.
\CLASSINFOnormalsizebaselineskip=\dimen152
\CLASSINFOnormalsizeunitybaselineskip=\dimen153
\IEEEnormaljot=\dimen154
LaTeX Font Info:    Font shape `OT1/ptm/bx/n' in size <6> not available
(Font)              Font shape `OT1/ptm/b/n' tried instead on input line 1090.
LaTeX Font Info:    Font shape `OT1/ptm/bx/it' in size <6> not available
(Font)              Font shape `OT1/ptm/b/it' tried instead on input line 1090.
LaTeX Font Info:    Font shape `OT1/ptm/bx/n' in size <8> not available
(Font)              Font shape `OT1/ptm/b/n' tried instead on input line 1090.
LaTeX Font Info:    Font shape `OT1/ptm/bx/it' in size <8> not available
(Font)              Font shape `OT1/ptm/b/it' tried instead on input line 1090.
LaTeX Font Info:    Font shape `OT1/ptm/bx/n' in size <9> not available
(Font)              Font shape `OT1/ptm/b/n' tried instead on input line 1090.
LaTeX Font Info:    Font shape `OT1/ptm/bx/it' in size <9> not available
(Font)              Font shape `OT1/ptm/b/it' tried instead on input line 1090.
LaTeX Font Info:    Font shape `OT1/ptm/bx/n' in size <10> not available
(Font)              Font shape `OT1/ptm/b/n' tried instead on input line 1090.
LaTeX Font Info:    Font shape `OT1/ptm/bx/it' in size <10> not available
(Font)              Font shape `OT1/ptm/b/it' tried instead on input line 1090.
LaTeX Font Info:    Font shape `OT1/ptm/bx/n' in size <11> not available
(Font)              Font shape `OT1/ptm/b/n' tried instead on input line 1090.
LaTeX Font Info:    Font shape `OT1/ptm/bx/it' in size <11> not available
(Font)              Font shape `OT1/ptm/b/it' tried instead on input line 1090.
LaTeX Font Info:    Font shape `OT1/ptm/bx/n' in size <12> not available
(Font)              Font shape `OT1/ptm/b/n' tried instead on input line 1090.
LaTeX Font Info:    Font shape `OT1/ptm/bx/it' in size <12> not available
(Font)              Font shape `OT1/ptm/b/it' tried instead on input line 1090.
LaTeX Font Info:    Font shape `OT1/ptm/bx/n' in size <17> not available
(Font)              Font shape `OT1/ptm/b/n' tried instead on input line 1090.
LaTeX Font Info:    Font shape `OT1/ptm/bx/it' in size <17> not available
(Font)              Font shape `OT1/ptm/b/it' tried instead on input line 1090.
LaTeX Font Info:    Font shape `OT1/ptm/bx/n' in size <20> not available
(Font)              Font shape `OT1/ptm/b/n' tried instead on input line 1090.
LaTeX Font Info:    Font shape `OT1/ptm/bx/it' in size <20> not available
(Font)              Font shape `OT1/ptm/b/it' tried instead on input line 1090.
LaTeX Font Info:    Font shape `OT1/ptm/bx/n' in size <24> not available
(Font)              Font shape `OT1/ptm/b/n' tried instead on input line 1090.
LaTeX Font Info:    Font shape `OT1/ptm/bx/it' in size <24> not available
(Font)              Font shape `OT1/ptm/b/it' tried instead on input line 1090.
\IEEEquantizedlength=\dimen155
\IEEEquantizedlengthdiff=\dimen156
\IEEEquantizedtextheightdiff=\dimen157
\IEEEilabelindentA=\dimen158
\IEEEilabelindentB=\dimen159
\IEEEilabelindent=\dimen160
\IEEEelabelindent=\dimen161
\IEEEdlabelindent=\dimen162
\IEEElabelindent=\dimen163
\IEEEiednormlabelsep=\dimen164
\IEEEiedmathlabelsep=\dimen165
\IEEEiedtopsep=\skip49
\c@section=\count278
\c@subsection=\count279
\c@subsubsection=\count280
\c@paragraph=\count281
\c@IEEEsubequation=\count282
\abovecaptionskip=\skip50
\belowcaptionskip=\skip51
\c@figure=\count283
\c@table=\count284
\@IEEEeqnnumcols=\count285
\@IEEEeqncolcnt=\count286
\@IEEEsubeqnnumrollback=\count287
\@IEEEquantizeheightA=\dimen166
\@IEEEquantizeheightB=\dimen167
\@IEEEquantizeheightC=\dimen168
\@IEEEquantizeprevdepth=\dimen169
\@IEEEquantizemultiple=\count288
\@IEEEquantizeboxA=\box53
\@IEEEtmpitemindent=\dimen170
\IEEEPARstartletwidth=\dimen171
\c@IEEEbiography=\count289
\@IEEEtranrubishbin=\box54
) (preamble.tex (C:\Program Files\MiKTeX\tex/latex/base\fontenc.sty
Package: fontenc 2025/07/18 v2.1d Standard LaTeX package
LaTeX Font Info:    Trying to load font information for T1+ptm on input line 116.
 (C:\Program Files\MiKTeX\tex/latex/psnfss\t1ptm.fd
File: t1ptm.fd 2001/06/04 font definitions for T1/ptm.
)) (C:\Program Files\MiKTeX\tex/generic/babel\babel.sty
Package: babel 2025/11/09 v25.15 The multilingual framework for LuaLaTeX, pdfLaTeX and XeLaTeX
\babel@savecnt=\count290
LaTeX Encoding Info:    Redeclaring text command \ij (encoding OT1) on input line 2050.
LaTeX Encoding Info:    Redeclaring text command \IJ (encoding OT1) on input line 2052.
LaTeX Encoding Info:    Redeclaring text command \ij (encoding T1) on input line 2054.
LaTeX Encoding Info:    Redeclaring text command \IJ (encoding T1) on input line 2055.
LaTeX Encoding Info:    Ignoring declaration for text command \ij (encoding ?) on input line 2056.
LaTeX Encoding Info:    Ignoring declaration for text command \IJ (encoding ?) on input line 2058.
LaTeX Encoding Info:    Ignoring declaration for text command \SS (encoding ?) on input line 2083.
\U@D=\dimen172
\l@unhyphenated=\language79
 (C:\Program Files\MiKTeX\tex/generic/babel\txtbabel.def)
\bbl@readstream=\read2
\bbl@dirlevel=\count291
Package babel Info: Configuration files are deprecated, as
(babel)             they can break document portability.
(babel)             Reported on input line 4175.

*************************************
* Local config file bblopts.cfg used
*
(C:\Program Files\MiKTeX\tex/latex/arabi\bblopts.cfg
File: bblopts.cfg 2005/09/08 v0.1 add Arabic and Farsi to "declared" options of babel
) (C:\Program Files\MiKTeX\tex/generic/babel/locale/en\babel-english.tex)
Package babel Info: Importing font and identification data for english
(babel)             from babel-en.ini. Reported on input line 4298.
 (C:\Program Files\MiKTeX\tex/latex/babel-english\english.ldf
Language: english 2017/06/06 v3.3r English support from the babel system
Package babel Info: Hyphen rules for 'canadian' set to \l@english
(babel)             (\language0). Reported on input line 102.
Package babel Info: Hyphen rules for 'australian' set to \l@ukenglish
(babel)             (\language73). Reported on input line 105.
Package babel Info: Hyphen rules for 'newzealand' set to \l@ukenglish
(babel)             (\language73). Reported on input line 108.
)) (C:\Program Files\MiKTeX\tex/latex/graphics\graphicx.sty
Package: graphicx 2024/12/31 v1.2e Enhanced LaTeX Graphics (DPC,SPQR)
 (C:\Program Files\MiKTeX\tex/latex/graphics\keyval.sty
Package: keyval 2022/05/29 v1.15 key=value parser (DPC)
\KV@toks@=\toks18
) (C:\Program Files\MiKTeX\tex/latex/graphics\graphics.sty
Package: graphics 2024/08/06 v1.4g Standard LaTeX Graphics (DPC,SPQR)
 (C:\Program Files\MiKTeX\tex/latex/graphics\trig.sty
Package: trig 2023/12/02 v1.11 sin cos tan (DPC)
) (C:\Program Files\MiKTeX\tex/latex/graphics-cfg\graphics.cfg
File: graphics.cfg 2016/06/04 v1.11 sample graphics configuration
)
Package graphics Info: Driver file: pdftex.def on input line 106.
 (C:\Program Files\MiKTeX\tex/latex/graphics-def\pdftex.def
File: pdftex.def 2025/09/29 v1.2d Graphics/color driver for pdftex
))
\Gin@req@height=\dimen173
\Gin@req@width=\dimen174
) (C:\Program Files\MiKTeX\tex/latex/amsmath\amsmath.sty
Package: amsmath 2025/07/09 v2.17z AMS math features
\@mathmargin=\skip52

For additional information on amsmath, use the `?' option.
(C:\Program Files\MiKTeX\tex/latex/amsmath\amstext.sty
Package: amstext 2024/11/17 v2.01 AMS text
 (C:\Program Files\MiKTeX\tex/latex/amsmath\amsgen.sty
File: amsgen.sty 1999/11/30 v2.0 generic functions
\@emptytoks=\toks19
\ex@=\dimen175
)) (C:\Program Files\MiKTeX\tex/latex/amsmath\amsbsy.sty
Package: amsbsy 1999/11/29 v1.2d Bold Symbols
\pmbraise@=\dimen176
) (C:\Program Files\MiKTeX\tex/latex/amsmath\amsopn.sty
Package: amsopn 2022/04/08 v2.04 operator names
)
\inf@bad=\count292
LaTeX Info: Redefining \frac on input line 233.
\uproot@=\count293
\leftroot@=\count294
LaTeX Info: Redefining \overline on input line 398.
LaTeX Info: Redefining \colon on input line 409.
\classnum@=\count295
\DOTSCASE@=\count296
LaTeX Info: Redefining \ldots on input line 495.
LaTeX Info: Redefining \dots on input line 498.
LaTeX Info: Redefining \cdots on input line 619.
\Mathstrutbox@=\box55
\strutbox@=\box56
LaTeX Info: Redefining \big on input line 721.
LaTeX Info: Redefining \Big on input line 722.
LaTeX Info: Redefining \bigg on input line 723.
LaTeX Info: Redefining \Bigg on input line 724.
\big@size=\dimen177
LaTeX Font Info:    Redeclaring font encoding OML on input line 742.
LaTeX Font Info:    Redeclaring font encoding OMS on input line 743.
\macc@depth=\count297
LaTeX Info: Redefining \bmod on input line 904.
LaTeX Info: Redefining \pmod on input line 909.
LaTeX Info: Redefining \smash on input line 939.
LaTeX Info: Redefining \relbar on input line 969.
LaTeX Info: Redefining \Relbar on input line 970.
\c@MaxMatrixCols=\count298
\dotsspace@=\muskip17
\c@parentequation=\count299
\dspbrk@lvl=\count300
\tag@help=\toks20
\row@=\count301
\column@=\count302
\maxfields@=\count303
\andhelp@=\toks21
\eqnshift@=\dimen178
\alignsep@=\dimen179
\tagshift@=\dimen180
\tagwidth@=\dimen181
\totwidth@=\dimen182
\lineht@=\dimen183
\@envbody=\toks22
\multlinegap=\skip53
\multlinetaggap=\skip54
\mathdisplay@stack=\toks23
LaTeX Info: Redefining \[ on input line 2950.
LaTeX Info: Redefining \] on input line 2951.
) (C:\Program Files\MiKTeX\tex/latex/tools\layout.sty
Package: layout 2023-08-20 v1.2e Show layout parameters
\oneinch=\count304
\cnt@paperwidth=\count305
\cnt@paperheight=\count306
\cnt@hoffset=\count307
\cnt@voffset=\count308
\cnt@textheight=\count309
\cnt@textwidth=\count310
\cnt@topmargin=\count311
\cnt@oddsidemargin=\count312
\cnt@evensidemargin=\count313
\cnt@headheight=\count314
\cnt@headsep=\count315
\cnt@marginparsep=\count316
\cnt@marginparwidth=\count317
\cnt@marginparpush=\count318
\cnt@footskip=\count319
\fheight=\count320
\ref@top=\count321
\ref@hoffset=\count322
\ref@voffset=\count323
\ref@head=\count324
\ref@body=\count325
\ref@foot=\count326
\ref@margin=\count327
\ref@marginwidth=\count328
\ref@marginpar=\count329
\Interval=\count330
\ExtraYPos=\count331
\PositionX=\count332
\PositionY=\count333
\ArrowLength=\count334
) (C:\Program Files\MiKTeX\tex/latex/pgf/frontendlayer\tikz.sty (C:\Program Files\MiKTeX\tex/latex/pgf/basiclayer\pgf.sty (C:\Program Files\MiKTeX\tex/latex/pgf/utilities\pgfrcs.sty (C:\Program Files\MiKTeX\tex/generic/pgf/utilities\pgfutil-common.tex
\pgfutil@everybye=\toks24
\pgfutil@tempdima=\dimen184
\pgfutil@tempdimb=\dimen185
) (C:\Program Files\MiKTeX\tex/generic/pgf/utilities\pgfutil-latex.def
\pgfutil@abb=\box57
) (C:\Program Files\MiKTeX\tex/generic/pgf/utilities\pgfrcs.code.tex (C:\Program Files\MiKTeX\tex/generic/pgf\pgf.revision.tex)
Package: pgfrcs 2025-08-29 v3.1.11a (3.1.11a)
))
Package: pgf 2025-08-29 v3.1.11a (3.1.11a)
 (C:\Program Files\MiKTeX\tex/latex/pgf/basiclayer\pgfcore.sty (C:\Program Files\MiKTeX\tex/latex/pgf/systemlayer\pgfsys.sty (C:\Program Files\MiKTeX\tex/generic/pgf/systemlayer\pgfsys.code.tex
Package: pgfsys 2025-08-29 v3.1.11a (3.1.11a)
 (C:\Program Files\MiKTeX\tex/generic/pgf/utilities\pgfkeys.code.tex
\pgfkeys@pathtoks=\toks25
\pgfkeys@temptoks=\toks26
 (C:\Program Files\MiKTeX\tex/generic/pgf/utilities\pgfkeyslibraryfiltered.code.tex
\pgfkeys@tmptoks=\toks27
))
\pgf@x=\dimen186
\pgf@y=\dimen187
\pgf@xa=\dimen188
\pgf@ya=\dimen189
\pgf@xb=\dimen190
\pgf@yb=\dimen191
\pgf@xc=\dimen192
\pgf@yc=\dimen193
\pgf@xd=\dimen194
\pgf@yd=\dimen195
\w@pgf@writea=\write3
\r@pgf@reada=\read3
\c@pgf@counta=\count335
\c@pgf@countb=\count336
\c@pgf@countc=\count337
\c@pgf@countd=\count338
\t@pgf@toka=\toks28
\t@pgf@tokb=\toks29
\t@pgf@tokc=\toks30
\pgf@sys@id@count=\count339
 (C:\Program Files\MiKTeX\tex/generic/pgf/systemlayer\pgf.cfg
File: pgf.cfg 2025-08-29 v3.1.11a (3.1.11a)
)
Driver file for pgf: pgfsys-pdftex.def
 (C:\Program Files\MiKTeX\tex/generic/pgf/systemlayer\pgfsys-pdftex.def
File: pgfsys-pdftex.def 2025-08-29 v3.1.11a (3.1.11a)
 (C:\Program Files\MiKTeX\tex/generic/pgf/systemlayer\pgfsys-common-pdf.def
File: pgfsys-common-pdf.def 2025-08-29 v3.1.11a (3.1.11a)
))) (C:\Program Files\MiKTeX\tex/generic/pgf/systemlayer\pgfsyssoftpath.code.tex
File: pgfsyssoftpath.code.tex 2025-08-29 v3.1.11a (3.1.11a)
\pgfsyssoftpath@smallbuffer@items=\count340
\pgfsyssoftpath@bigbuffer@items=\count341
) (C:\Program Files\MiKTeX\tex/generic/pgf/systemlayer\pgfsysprotocol.code.tex
File: pgfsysprotocol.code.tex 2025-08-29 v3.1.11a (3.1.11a)
)) (C:\Program Files\MiKTeX\tex/latex/xcolor\xcolor.sty
Package: xcolor 2024/09/29 v3.02 LaTeX color extensions (UK)
 (C:\Program Files\MiKTeX\tex/latex/graphics-cfg\color.cfg
File: color.cfg 2016/01/02 v1.6 sample color configuration
)
Package xcolor Info: Driver file: pdftex.def on input line 274.
 (C:\Program Files\MiKTeX\tex/latex/graphics\mathcolor.ltx)
Package xcolor Info: Model `cmy' substituted by `cmy0' on input line 1349.
Package xcolor Info: Model `hsb' substituted by `rgb' on input line 1353.
Package xcolor Info: Model `RGB' extended on input line 1365.
Package xcolor Info: Model `HTML' substituted by `rgb' on input line 1367.
Package xcolor Info: Model `Hsb' substituted by `hsb' on input line 1368.
Package xcolor Info: Model `tHsb' substituted by `hsb' on input line 1369.
Package xcolor Info: Model `HSB' substituted by `hsb' on input line 1370.
Package xcolor Info: Model `Gray' substituted by `gray' on input line 1371.
Package xcolor Info: Model `wave' substituted by `hsb' on input line 1372.
) (C:\Program Files\MiKTeX\tex/generic/pgf/basiclayer\pgfcore.code.tex
Package: pgfcore 2025-08-29 v3.1.11a (3.1.11a)
 (C:\Program Files\MiKTeX\tex/generic/pgf/math\pgfmath.code.tex (C:\Program Files\MiKTeX\tex/generic/pgf/math\pgfmathutil.code.tex) (C:\Program Files\MiKTeX\tex/generic/pgf/math\pgfmathparser.code.tex
\pgfmath@dimen=\dimen196
\pgfmath@count=\count342
\pgfmath@box=\box58
\pgfmath@toks=\toks31
\pgfmath@stack@operand=\toks32
\pgfmath@stack@operation=\toks33
) (C:\Program Files\MiKTeX\tex/generic/pgf/math\pgfmathfunctions.code.tex) (C:\Program Files\MiKTeX\tex/generic/pgf/math\pgfmathfunctions.basic.code.tex) (C:\Program Files\MiKTeX\tex/generic/pgf/math\pgfmathfunctions.trigonometric.code.tex) (C:\Program Files\MiKTeX\tex/generic/pgf/math\pgfmathfunctions.random.code.tex) (C:\Program Files\MiKTeX\tex/generic/pgf/math\pgfmathfunctions.comparison.code.tex) (C:\Program Files\MiKTeX\tex/generic/pgf/math\pgfmathfunctions.base.code.tex) (C:\Program Files\MiKTeX\tex/generic/pgf/math\pgfmathfunctions.round.code.tex) (C:\Program Files\MiKTeX\tex/generic/pgf/math\pgfmathfunctions.misc.code.tex) (C:\Program Files\MiKTeX\tex/generic/pgf/math\pgfmathfunctions.integerarithmetics.code.tex) (C:\Program Files\MiKTeX\tex/generic/pgf/math\pgfmathcalc.code.tex) (C:\Program Files\MiKTeX\tex/generic/pgf/math\pgfmathfloat.code.tex
\c@pgfmathroundto@lastzeros=\count343
)) (C:\Program Files\MiKTeX\tex/generic/pgf/math\pgfint.code.tex) (C:\Program Files\MiKTeX\tex/generic/pgf/basiclayer\pgfcorepoints.code.tex
File: pgfcorepoints.code.tex 2025-08-29 v3.1.11a (3.1.11a)
\pgf@picminx=\dimen197
\pgf@picmaxx=\dimen198
\pgf@picminy=\dimen199
\pgf@picmaxy=\dimen256
\pgf@pathminx=\dimen257
\pgf@pathmaxx=\dimen258
\pgf@pathminy=\dimen259
\pgf@pathmaxy=\dimen260
\pgf@xx=\dimen261
\pgf@xy=\dimen262
\pgf@yx=\dimen263
\pgf@yy=\dimen264
\pgf@zx=\dimen265
\pgf@zy=\dimen266
) (C:\Program Files\MiKTeX\tex/generic/pgf/basiclayer\pgfcorepathconstruct.code.tex
File: pgfcorepathconstruct.code.tex 2025-08-29 v3.1.11a (3.1.11a)
\pgf@path@lastx=\dimen267
\pgf@path@lasty=\dimen268
) (C:\Program Files\MiKTeX\tex/generic/pgf/basiclayer\pgfcorepathusage.code.tex
File: pgfcorepathusage.code.tex 2025-08-29 v3.1.11a (3.1.11a)
\pgf@shorten@end@additional=\dimen269
\pgf@shorten@start@additional=\dimen270
) (C:\Program Files\MiKTeX\tex/generic/pgf/basiclayer\pgfcorescopes.code.tex
File: pgfcorescopes.code.tex 2025-08-29 v3.1.11a (3.1.11a)
\pgfpic=\box59
\pgf@hbox=\box60
\pgf@layerbox@main=\box61
\pgf@picture@serial@count=\count344
) (C:\Program Files\MiKTeX\tex/generic/pgf/basiclayer\pgfcoregraphicstate.code.tex
File: pgfcoregraphicstate.code.tex 2025-08-29 v3.1.11a (3.1.11a)
\pgflinewidth=\dimen271
) (C:\Program Files\MiKTeX\tex/generic/pgf/basiclayer\pgfcoretransformations.code.tex
File: pgfcoretransformations.code.tex 2025-08-29 v3.1.11a (3.1.11a)
\pgf@pt@x=\dimen272
\pgf@pt@y=\dimen273
\pgf@pt@temp=\dimen274
) (C:\Program Files\MiKTeX\tex/generic/pgf/basiclayer\pgfcorequick.code.tex
File: pgfcorequick.code.tex 2025-08-29 v3.1.11a (3.1.11a)
) (C:\Program Files\MiKTeX\tex/generic/pgf/basiclayer\pgfcoreobjects.code.tex
File: pgfcoreobjects.code.tex 2025-08-29 v3.1.11a (3.1.11a)
) (C:\Program Files\MiKTeX\tex/generic/pgf/basiclayer\pgfcorepathprocessing.code.tex
File: pgfcorepathprocessing.code.tex 2025-08-29 v3.1.11a (3.1.11a)
) (C:\Program Files\MiKTeX\tex/generic/pgf/basiclayer\pgfcorearrows.code.tex
File: pgfcorearrows.code.tex 2025-08-29 v3.1.11a (3.1.11a)
\pgfarrowsep=\dimen275
) (C:\Program Files\MiKTeX\tex/generic/pgf/basiclayer\pgfcoreshade.code.tex
File: pgfcoreshade.code.tex 2025-08-29 v3.1.11a (3.1.11a)
\pgf@max=\dimen276
\pgf@sys@shading@range@num=\count345
\pgf@shadingcount=\count346
) (C:\Program Files\MiKTeX\tex/generic/pgf/basiclayer\pgfcoreimage.code.tex
File: pgfcoreimage.code.tex 2025-08-29 v3.1.11a (3.1.11a)
) (C:\Program Files\MiKTeX\tex/generic/pgf/basiclayer\pgfcoreexternal.code.tex
File: pgfcoreexternal.code.tex 2025-08-29 v3.1.11a (3.1.11a)
\pgfexternal@startupbox=\box62
) (C:\Program Files\MiKTeX\tex/generic/pgf/basiclayer\pgfcorelayers.code.tex
File: pgfcorelayers.code.tex 2025-08-29 v3.1.11a (3.1.11a)
) (C:\Program Files\MiKTeX\tex/generic/pgf/basiclayer\pgfcoretransparency.code.tex
File: pgfcoretransparency.code.tex 2025-08-29 v3.1.11a (3.1.11a)
) (C:\Program Files\MiKTeX\tex/generic/pgf/basiclayer\pgfcorepatterns.code.tex
File: pgfcorepatterns.code.tex 2025-08-29 v3.1.11a (3.1.11a)
) (C:\Program Files\MiKTeX\tex/generic/pgf/basiclayer\pgfcorerdf.code.tex
File: pgfcorerdf.code.tex 2025-08-29 v3.1.11a (3.1.11a)
))) (C:\Program Files\MiKTeX\tex/generic/pgf/modules\pgfmoduleshapes.code.tex
File: pgfmoduleshapes.code.tex 2025-08-29 v3.1.11a (3.1.11a)
\pgfnodeparttextbox=\box63
) (C:\Program Files\MiKTeX\tex/generic/pgf/modules\pgfmoduleplot.code.tex
File: pgfmoduleplot.code.tex 2025-08-29 v3.1.11a (3.1.11a)
) (C:\Program Files\MiKTeX\tex/latex/pgf/compatibility\pgfcomp-version-0-65.sty
Package: pgfcomp-version-0-65 2025-08-29 v3.1.11a (3.1.11a)
\pgf@nodesepstart=\dimen277
\pgf@nodesepend=\dimen278
) (C:\Program Files\MiKTeX\tex/latex/pgf/compatibility\pgfcomp-version-1-18.sty
Package: pgfcomp-version-1-18 2025-08-29 v3.1.11a (3.1.11a)
)) (C:\Program Files\MiKTeX\tex/latex/pgf/utilities\pgffor.sty (C:\Program Files\MiKTeX\tex/latex/pgf/utilities\pgfkeys.sty (C:\Program Files\MiKTeX\tex/generic/pgf/utilities\pgfkeys.code.tex)) (C:\Program Files\MiKTeX\tex/latex/pgf/math\pgfmath.sty (C:\Program Files\MiKTeX\tex/generic/pgf/math\pgfmath.code.tex)) (C:\Program Files\MiKTeX\tex/generic/pgf/utilities\pgffor.code.tex
Package: pgffor 2025-08-29 v3.1.11a (3.1.11a)
\pgffor@iter=\dimen279
\pgffor@skip=\dimen280
\pgffor@stack=\toks34
\pgffor@toks=\toks35
)) (C:\Program Files\MiKTeX\tex/generic/pgf/frontendlayer/tikz\tikz.code.tex
Package: tikz 2025-08-29 v3.1.11a (3.1.11a)
 (C:\Program Files\MiKTeX\tex/generic/pgf/libraries\pgflibraryplothandlers.code.tex
File: pgflibraryplothandlers.code.tex 2025-08-29 v3.1.11a (3.1.11a)
\pgf@plot@mark@count=\count347
\pgfplotmarksize=\dimen281
)
\tikz@lastx=\dimen282
\tikz@lasty=\dimen283
\tikz@lastxsaved=\dimen284
\tikz@lastysaved=\dimen285
\tikz@lastmovetox=\dimen286
\tikz@lastmovetoy=\dimen287
\tikzleveldistance=\dimen288
\tikzsiblingdistance=\dimen289
\tikz@figbox=\box64
\tikz@figbox@bg=\box65
\tikz@tempbox=\box66
\tikz@tempbox@bg=\box67
\tikztreelevel=\count348
\tikznumberofchildren=\count349
\tikznumberofcurrentchild=\count350
\tikz@fig@count=\count351
 (C:\Program Files\MiKTeX\tex/generic/pgf/modules\pgfmodulematrix.code.tex
File: pgfmodulematrix.code.tex 2025-08-29 v3.1.11a (3.1.11a)
\pgfmatrixcurrentrow=\count352
\pgfmatrixcurrentcolumn=\count353
\pgf@matrix@numberofcolumns=\count354
)
\tikz@expandcount=\count355
 (C:\Program Files\MiKTeX\tex/generic/pgf/frontendlayer/tikz/libraries\tikzlibrarytopaths.code.tex
File: tikzlibrarytopaths.code.tex 2025-08-29 v3.1.11a (3.1.11a)
))) (C:\Program Files\MiKTeX\tex/latex/float\float.sty
Package: float 2001/11/08 v1.3d Float enhancements (AL)
\c@float@type=\count356
\float@exts=\toks36
\float@box=\box68
\@float@everytoks=\toks37
\@floatcapt=\box69
) (C:\Program Files\MiKTeX\tex/latex/hyperref\hyperref.sty
Package: hyperref 2025-07-12 v7.01o Hypertext links for LaTeX
 (C:\Program Files\MiKTeX\tex/generic/iftex\iftex.sty
Package: iftex 2024/12/12 v1.0g TeX engine tests
) (C:\Program Files\MiKTeX\tex/latex/kvsetkeys\kvsetkeys.sty
Package: kvsetkeys 2022-10-05 v1.19 Key value parser (HO)
) (C:\Program Files\MiKTeX\tex/generic/kvdefinekeys\kvdefinekeys.sty
Package: kvdefinekeys 2019-12-19 v1.6 Define keys (HO)
) (C:\Program Files\MiKTeX\tex/generic/pdfescape\pdfescape.sty
Package: pdfescape 2019/12/09 v1.15 Implements pdfTeX's escape features (HO)
 (C:\Program Files\MiKTeX\tex/generic/ltxcmds\ltxcmds.sty
Package: ltxcmds 2023-12-04 v1.26 LaTeX kernel commands for general use (HO)
) (C:\Program Files\MiKTeX\tex/generic/pdftexcmds\pdftexcmds.sty
Package: pdftexcmds 2020-06-27 v0.33 Utility functions of pdfTeX for LuaTeX (HO)
 (C:\Program Files\MiKTeX\tex/generic/infwarerr\infwarerr.sty
Package: infwarerr 2019/12/03 v1.5 Providing info/warning/error messages (HO)
)
Package pdftexcmds Info: \pdf@primitive is available.
Package pdftexcmds Info: \pdf@ifprimitive is available.
Package pdftexcmds Info: \pdfdraftmode found.
)) (C:\Program Files\MiKTeX\tex/latex/hycolor\hycolor.sty
Package: hycolor 2020-01-27 v1.10 Color options for hyperref/bookmark (HO)
) (C:\Program Files\MiKTeX\tex/latex/hyperref\nameref.sty
Package: nameref 2025-06-21 v2.57 Cross-referencing by name of section
 (C:\Program Files\MiKTeX\tex/latex/refcount\refcount.sty
Package: refcount 2019/12/15 v3.6 Data extraction from label references (HO)
) (C:\Program Files\MiKTeX\tex/generic/gettitlestring\gettitlestring.sty
Package: gettitlestring 2019/12/15 v1.6 Cleanup title references (HO)
 (C:\Program Files\MiKTeX\tex/latex/kvoptions\kvoptions.sty
Package: kvoptions 2022-06-15 v3.15 Key value format for package options (HO)
))
\c@section@level=\count357
) (C:\Program Files\MiKTeX\tex/latex/etoolbox\etoolbox.sty
Package: etoolbox 2025/10/02 v2.5m e-TeX tools for LaTeX (JAW)
\etb@tempcnta=\count358
) (C:\Program Files\MiKTeX\tex/generic/stringenc\stringenc.sty
Package: stringenc 2019/11/29 v1.12 Convert strings between diff. encodings (HO)
)
\@linkdim=\dimen290
\Hy@linkcounter=\count359
\Hy@pagecounter=\count360
 (C:\Program Files\MiKTeX\tex/latex/hyperref\pd1enc.def
File: pd1enc.def 2025-07-12 v7.01o Hyperref: PDFDocEncoding definition (HO)
Now handling font encoding PD1 ...
... no UTF-8 mapping file for font encoding PD1
) (C:\Program Files\MiKTeX\tex/generic/intcalc\intcalc.sty
Package: intcalc 2019/12/15 v1.3 Expandable calculations with integers (HO)
)
\Hy@SavedSpaceFactor=\count361
 (C:\Program Files\MiKTeX\tex/latex/hyperref\puenc.def
File: puenc.def 2025-07-12 v7.01o Hyperref: PDF Unicode definition (HO)
Now handling font encoding PU ...
... no UTF-8 mapping file for font encoding PU
)
Package hyperref Info: Option `bookmarks' set `true' on input line 4066.
Package hyperref Info: Option `bookmarksnumbered' set `true' on input line 4066.
Package hyperref Info: Option `colorlinks' set `true' on input line 4066.
Package hyperref Info: Hyper figures OFF on input line 4195.
Package hyperref Info: Link nesting OFF on input line 4200.
Package hyperref Info: Hyper index ON on input line 4203.
Package hyperref Info: Plain pages OFF on input line 4210.
Package hyperref Info: Backreferencing OFF on input line 4215.
Package hyperref Info: Implicit mode ON; LaTeX internals redefined.
Package hyperref Info: Bookmarks ON on input line 4462.
\c@Hy@tempcnt=\count362
 (C:\Program Files\MiKTeX\tex/latex/url\url.sty
\Urlmuskip=\muskip18
Package: url 2013/09/16  ver 3.4  Verb mode for urls, etc.
)
LaTeX Info: Redefining \url on input line 4801.
\XeTeXLinkMargin=\dimen291
 (C:\Program Files\MiKTeX\tex/generic/bitset\bitset.sty
Package: bitset 2019/12/09 v1.3 Handle bit-vector datatype (HO)
 (C:\Program Files\MiKTeX\tex/generic/bigintcalc\bigintcalc.sty
Package: bigintcalc 2019/12/15 v1.5 Expandable calculations on big integers (HO)
))
\Fld@menulength=\count363
\Field@Width=\dimen292
\Fld@charsize=\dimen293
Package hyperref Info: Hyper figures OFF on input line 6078.
Package hyperref Info: Link nesting OFF on input line 6083.
Package hyperref Info: Hyper index ON on input line 6086.
Package hyperref Info: backreferencing OFF on input line 6093.
Package hyperref Info: Link coloring ON on input line 6096.
Package hyperref Info: Link coloring with OCG OFF on input line 6103.
Package hyperref Info: PDF/A mode OFF on input line 6108.
\Hy@abspage=\count364
\c@Item=\count365
\c@Hfootnote=\count366
)
Package hyperref Info: Driver: hpdftex.
 (C:\Program Files\MiKTeX\tex/latex/hyperref\hpdftex.def
File: hpdftex.def 2025-07-12 v7.01o Hyperref driver for pdfTeX
\Fld@listcount=\count367
\c@bookmark@seq@number=\count368
 (C:\Program Files\MiKTeX\tex/latex/rerunfilecheck\rerunfilecheck.sty
Package: rerunfilecheck 2025-06-21 v1.11 Rerun checks for auxiliary files (HO)
 (C:\Program Files\MiKTeX\tex/generic/uniquecounter\uniquecounter.sty
Package: uniquecounter 2019/12/15 v1.4 Provide unlimited unique counter (HO)
)
Package uniquecounter Info: New unique counter `rerunfilecheck' on input line 284.
)
\Hy@SectionHShift=\skip55
) (C:\Program Files\MiKTeX\tex/latex/makecell\makecell.sty
Package: makecell 2009/08/03 V0.1e Managing of Tab Column Heads and Cells
 (C:\Program Files\MiKTeX\tex/latex/tools\array.sty
Package: array 2025/09/25 v2.6n Tabular extension package (FMi)
\col@sep=\dimen294
\ar@mcellbox=\box70
\extrarowheight=\dimen295
\NC@list=\toks38
\extratabsurround=\skip56
\backup@length=\skip57
\ar@cellbox=\box71
)
\rotheadsize=\dimen296
\c@nlinenum=\count369
\TeXr@lab=\toks39
) (C:\Program Files\MiKTeX\tex/latex/multirow\multirow.sty
Package: multirow 2024/11/12 v2.9 Span multiple rows of a table
\multirow@colwidth=\skip58
\multirow@cntb=\count370
\multirow@dima=\skip59
\bigstrutjot=\dimen297
) (C:\Program Files\MiKTeX\tex/latex/graphics\rotating.sty
Package: rotating 2025/01/14 v2.16e rotated objects in LaTeX
 (C:\Program Files\MiKTeX\tex/latex/base\ifthen.sty
Package: ifthen 2024/03/16 v1.1e Standard LaTeX ifthen package (DPC)
)
\c@r@tfl@t=\count371
\rotFPtop=\skip60
\rotFPbot=\skip61
\rot@float@box=\box72
\rot@mess@toks=\toks40
) (C:\Program Files\MiKTeX\tex/latex/caption\caption.sty
Package: caption 2023/08/05 v3.6o Customizing captions (AR)
 (C:\Program Files\MiKTeX\tex/latex/caption\caption3.sty
Package: caption3 2023/07/31 v2.4d caption3 kernel (AR)
\caption@tempdima=\dimen298
\captionmargin=\dimen299
\caption@leftmargin=\dimen300
\caption@rightmargin=\dimen301
\caption@width=\dimen302
\caption@indent=\dimen303
\caption@parindent=\dimen304
\caption@hangindent=\dimen305
Package caption Info: Unknown document class (or package),
(caption)             standard defaults will be used.
Package caption Info: \@makecaption = \long macro:#1#2->\ifx \@captype \@IEEEtablestring \footnotesize \bgroup \par \centering \@IEEEtabletopskipstrut {\normalfont \footnotesize #1}\\{\normalfont \footnotesize \scshape #2}\par \addvspace {0.5\baselineskip }\egroup \@IEEEtablecaptionsepspace \else \@IEEEfigurecaptionsepspace \setbox \@tempboxa \hbox {\normalfont \footnotesize {#1.}\nobreakspace \nobreakspace #2}\ifdim \wd \@tempboxa >\hsize \setbox \@tempboxa \hbox {\normalfont \footnotesize {#1.}\nobreakspace \nobreakspace }\parbox [t]{\hsize }{\normalfont \footnotesize \noindent \unhbox \@tempboxa #2}\else \ifCLASSOPTIONconference \hbox to\hsize {\normalfont \footnotesize \hfil \box \@tempboxa \hfil }\else \hbox to\hsize {\normalfont \footnotesize \box \@tempboxa \hfil }\fi \fi \fi  on input line 1175.
)

Package caption Warning: Unknown document class (or package),
(caption)                standard defaults will be used.
See the caption package documentation for explanation.

\c@caption@flags=\count372
\c@continuedfloat=\count373
Package caption Info: float package is loaded.
Package caption Info: hyperref package is loaded.
Package caption Info: rotating package is loaded.
) (C:\Program Files\MiKTeX\tex/latex/glossaries/base\glossaries.sty
Package: glossaries 2025/11/09 v4.9 (NLCT)
 (C:\Program Files\MiKTeX\tex/latex/xkeyval\xkeyval.sty
Package: xkeyval 2022/06/16 v2.9 package option processing (HA)
 (C:\Program Files\MiKTeX\tex/generic/xkeyval\xkeyval.tex (C:\Program Files\MiKTeX\tex/generic/xkeyval\xkvutils.tex
\XKV@toks=\toks41
\XKV@tempa@toks=\toks42
)
\XKV@depth=\count374
File: xkeyval.tex 2014/12/03 v2.7a key=value parser (HA)
)) (C:\Program Files\MiKTeX\tex/latex/mfirstuc\mfirstuc.sty
Package: mfirstuc 2025/04/03 v2.09 (NLCT)
\@glsmfirst=\toks43
\@glsmrest=\toks44
) (C:\Program Files\MiKTeX\tex/latex/xfor\xfor.sty
Package: xfor 2009/02/05 v1.05 (NLCT)
) (C:\Program Files\MiKTeX\tex/latex/tracklang\tracklang.sty
Package: tracklang 2025/03/11 v1.6.6 (NLCT) Track Languages
 (C:\Program Files\MiKTeX\tex/generic/tracklang\tracklang.tex)
Package tracklang Info: Tracking dialect `english' (language `english') on input line 264.
Package tracklang Info: Tracking dialect `english' (language `english') on input line 264.
) (C:\Program Files\MiKTeX\tex/latex/translator\translator.sty
Package: translator 2021-05-31 v1.12d Easy translation of strings in LaTeX
) (C:\Program Files\MiKTeX\tex/latex/glossaries-english\glossaries-english.ldf
File: glossaries-english.ldf 2014/11/23 v1.0
) (C:\Program Files\MiKTeX\tex/latex/datatool\datatool-base.sty
Package: datatool-base 2025/11/06 v3.4.2 (NLCT)
\l__datatool_tmpa_int=\count375
\l__datatool_tmpb_int=\count376
\l__datatool_tmpc_int=\count377
\l__datatool_tmpd_int=\count378
\l__datatool_count_int=\count379
\l__datatool_tmp_datatype_int=\count380
\l__datatool_tmpa_dim=\dimen306
\l__datatool_tmpb_dim=\dimen307
 (C:\Program Files\MiKTeX\tex/latex/datatool\datatool-l3fp.def
File: datatool-l3fp.def 2025/11/06 v3.4.2 (NLCT)
)
\@dtl@toks=\toks45
\@dtl@tmpcount=\count381
\dtl@tmplength=\skip62
\l__datatool_measure_box=\box73
\dtl@sortresult=\count382
 (C:\Program Files\MiKTeX\tex/latex/datatool\datatool-utf8.ldf
File: datatool-utf8.ldf 2025/11/06 v3.4.2 (NLCT)
)
\@dtl@datatype=\count383
\c_datatool_unknown_int=\count384
\l__datatool_year_int=\count385
\l__datatool_month_int=\count386
\l__datatool_day_int=\count387
\l__datatool_hour_int=\count388
\l__datatool_minute_int=\count389
\l__datatool_second_int=\count390
\l__datatool_tzhour_int=\count391
\l__datatool_tzminute_int=\count392
\l__datatool_julian_int=\count393
\l__datatool_local_julian_int=\count394
\l__datatool_prefix_int=\count395
\l__datatool_suffix_int=\count396
\@dtl@foreach@level=\count397


Package tracklang Warning: No `datatool' support for dialect `english'  on input line 9924.

\dtl@codeA=\count398
\dtl@codeB=\count399
)
\gls@level=\count400
\@gls@tmpb=\toks46
\gls@tmplen=\skip63
\l__glossaries_tmpa_dim=\dimen308
\l__glossaries_tmpb_dim=\dimen309
\glskeylisttok=\toks47
\glslabeltok=\toks48
\glsshorttok=\toks49
\glslongtok=\toks50
 (C:\Program Files\MiKTeX\tex/latex/glossaries/styles\glossary-hypernav.sty
Package: glossary-hypernav 2025/11/09 v4.9 (NLCT)
) (C:\Program Files\MiKTeX\tex/latex/glossaries/styles\glossary-list.sty
Package: glossary-list 2025/11/09 v4.9 (NLCT)
\glslistdottedwidth=\skip64
) (C:\Program Files\MiKTeX\tex/latex/glossaries/styles\glossary-long.sty
Package: glossary-long 2025/11/09 v4.9 (NLCT)
 (C:\Program Files\MiKTeX\tex/latex/tools\longtable.sty
Package: longtable 2025-10-13 v4.24 Multi-page Table package (DPC)
\LTleft=\skip65
\LTright=\skip66
\LTpre=\skip67
\LTpost=\skip68
\LTchunksize=\count401
\LTcapwidth=\dimen310
\LT@head=\box74
\LT@firsthead=\box75
\LT@foot=\box76
\LT@lastfoot=\box77
\LT@gbox=\box78
\LT@cols=\count402
\LT@rows=\count403
\c@LT@tables=\count404
\c@LT@chunks=\count405
\LT@p@ftn=\toks51
)
\glsdescwidth=\skip69
\glspagelistwidth=\skip70
) (C:\Program Files\MiKTeX\tex/latex/glossaries/styles\glossary-super.sty
Package: glossary-super 2025/11/09 v4.9 (NLCT)
 (C:\Program Files\MiKTeX\tex/latex/supertabular\supertabular.sty
Package: supertabular 2024/07/20 v4.2c the supertabular environment
\c@tracingst=\count406
\ST@wd=\dimen311
\ST@rightskip=\skip71
\ST@leftskip=\skip72
\ST@parfillskip=\skip73
\ST@pageleft=\dimen312
\ST@headht=\dimen313
\ST@tailht=\dimen314
\ST@pagesofar=\dimen315
\ST@pboxht=\dimen316
\ST@rowht=\dimen317
\ST@prevht=\dimen318
\ST@toadd=\dimen319
\ST@dimen=\dimen320
\ST@pbox=\box79
)) (C:\Program Files\MiKTeX\tex/latex/glossaries/styles\glossary-tree.sty
Package: glossary-tree 2025/11/09 v4.9 (NLCT)
\l__glossaries_tree_max_known_level_int=\count407
\l__glossaries_tree_offset_dim=\dimen321
\l__glossaries_tree_namewidth_dim=\dimen322
\l__glossaries_tree_symbolwidth_dim=\dimen323
\l__glossaries_tree_prenamesym_width_dim=\dimen324
\l__glossaries_tree_presubnamesym_width_dim=\dimen325
\l__glossaries_tree_namewidth_padding_dim=\dimen326
\l__glossaries_tree_symbolwidth_padding_dim=\dimen327
\l__glossaries_tree_namesymbolwidth_dim=\dimen328
\l__glossaries_tree_namesymbolwidth_padding_dim=\dimen329
\l__glossaries_tree_level_int=\count408
\glstreeindent=\skip74
)) (sections/glossary.tex
\glswrite=\write4
\glo@main@file=\write5
\openout5 = `main.glo'.

Package glossaries Info: Writing glossary file main.glo on input line 11.
) (C:\Program Files\MiKTeX\tex/latex/acronym\acronym.sty
Package: acronym 2025/01/17 v1.50 Support for acronyms (Tobias Oetiker)
 (C:\Program Files\MiKTeX\tex/latex/bigfoot\suffix.sty
Package: suffix 2006/07/15 1.5a Variant command support
) (C:\Program Files\MiKTeX\tex/latex/xstring\xstring.sty (C:\Program Files\MiKTeX\tex/generic/xstring\xstring.tex
\xs_counta=\count409
\xs_countb=\count410
)
Package: xstring 2023/08/22 v1.86 String manipulations (CT)
)
\AC@clearlist=\toks52
) (C:\Program Files\MiKTeX\tex/latex/geometry\geometry.sty
Package: geometry 2020/01/02 v5.9 Page Geometry
 (C:\Program Files\MiKTeX\tex/generic/iftex\ifvtex.sty
Package: ifvtex 2019/10/25 v1.7 ifvtex legacy package. Use iftex instead.
)
\Gm@cnth=\count411
\Gm@cntv=\count412
\c@Gm@tempcnt=\count413
\Gm@bindingoffset=\dimen330
\Gm@wd@mp=\dimen331
\Gm@odd@mp=\dimen332
\Gm@even@mp=\dimen333
\Gm@layoutwidth=\dimen334
\Gm@layoutheight=\dimen335
\Gm@layouthoffset=\dimen336
\Gm@layoutvoffset=\dimen337
\Gm@dimlist=\toks53
 (C:\Program Files\MiKTeX\tex/latex/geometry\geometry.cfg)) (C:\Program Files\MiKTeX\tex/latex/titlesec\titlesec.sty
Package: titlesec 2025/01/04 v2.17 Sectioning titles
\ttl@box=\box80
\beforetitleunit=\skip75
\aftertitleunit=\skip76
\ttl@plus=\dimen338
\ttl@minus=\dimen339
\ttl@toksa=\toks54
\titlewidth=\dimen340
\titlewidthlast=\dimen341
\titlewidthfirst=\dimen342


Package titlesec Warning: Non standard sectioning command \subparagraph
(titlesec)                detected. Using default spacing and no format.

) (C:\Program Files\MiKTeX\tex/latex/tocloft\tocloft.sty
Package: tocloft 2017/08/31 v2.3i parameterised ToC, etc., typesetting
Package tocloft Info: The document has section divisions on input line 51.
\cftparskip=\skip77
\cftbeforetoctitleskip=\skip78
\cftaftertoctitleskip=\skip79
\cftbeforesecskip=\skip80
\cftsecindent=\skip81
\cftsecnumwidth=\skip82
\cftbeforesubsecskip=\skip83
\cftsubsecindent=\skip84
\cftsubsecnumwidth=\skip85
\cftbeforesubsubsecskip=\skip86
\cftsubsubsecindent=\skip87
\cftsubsubsecnumwidth=\skip88
\cftbeforeparaskip=\skip89
\cftparaindent=\skip90
\cftparanumwidth=\skip91
\cftbeforesubparaskip=\skip92
\cftsubparaindent=\skip93
\cftsubparanumwidth=\skip94
\cftbeforeloftitleskip=\skip95
\cftafterloftitleskip=\skip96
\cftbeforefigskip=\skip97
\cftfigindent=\skip98
\cftfignumwidth=\skip99
\c@lofdepth=\count414
\c@lotdepth=\count415
\cftbeforelottitleskip=\skip100
\cftafterlottitleskip=\skip101
\cftbeforetabskip=\skip102
\cfttabindent=\skip103
\cfttabnumwidth=\skip104
) (C:\Program Files\MiKTeX\tex/latex/lastpage\lastpage.sty
Package: lastpage 2025/08/14 v2.1h lastpage: 2.09 or 2e? (HMM)
 (C:\Program Files\MiKTeX\tex/latex/lastpage\lastpage2e.sty
Package: lastpage2e 2025/08/14 v2.1h Decide which 2e lastpage version to use (HMM)
 (C:\Program Files\MiKTeX\tex/latex/lastpage\lastpagemodern.sty
Package: lastpagemodern 2025-08-14 v2.1h Refers to last page's name (HMM; JPG)
\c@lastpagecount=\count416
) 
))) (C:\Program Files\MiKTeX\tex/latex/cleveref\cleveref.sty
Package: cleveref 2018/03/27 v0.21.4 Intelligent cross-referencing
Package cleveref Info: `hyperref' support loaded on input line 2370.
LaTeX Info: Redefining \cref on input line 2370.
LaTeX Info: Redefining \Cref on input line 2370.
LaTeX Info: Redefining \crefrange on input line 2370.
LaTeX Info: Redefining \Crefrange on input line 2370.
LaTeX Info: Redefining \cpageref on input line 2370.
LaTeX Info: Redefining \Cpageref on input line 2370.
LaTeX Info: Redefining \cpagerefrange on input line 2370.
LaTeX Info: Redefining \Cpagerefrange on input line 2370.
LaTeX Info: Redefining \labelcref on input line 2370.
LaTeX Info: Redefining \labelcpageref on input line 2370.
)
==> First Aid for cleveref.sty applied!
(C:\Program Files\MiKTeX\tex/latex/l3backend\l3backend-pdftex.def
File: l3backend-pdftex.def 2025-10-09 L3 backend support: PDF output (pdfTeX)
\l__color_backend_stack_int=\count417
) (main.aux)
\openout1 = `main.aux'.

LaTeX Font Info:    Checking defaults for OML/cmm/m/it on input line 5.
LaTeX Font Info:    ... okay on input line 5.
LaTeX Font Info:    Checking defaults for OMS/cmsy/m/n on input line 5.
LaTeX Font Info:    ... okay on input line 5.
LaTeX Font Info:    Checking defaults for OT1/cmr/m/n on input line 5.
LaTeX Font Info:    ... okay on input line 5.
LaTeX Font Info:    Checking defaults for T1/cmr/m/n on input line 5.
LaTeX Font Info:    ... okay on input line 5.
LaTeX Font Info:    Checking defaults for TS1/cmr/m/n on input line 5.
LaTeX Font Info:    ... okay on input line 5.
LaTeX Font Info:    Checking defaults for OMX/cmex/m/n on input line 5.
LaTeX Font Info:    ... okay on input line 5.
LaTeX Font Info:    Checking defaults for U/cmr/m/n on input line 5.
LaTeX Font Info:    ... okay on input line 5.
LaTeX Font Info:    Checking defaults for PD1/pdf/m/n on input line 5.
LaTeX Font Info:    ... okay on input line 5.
LaTeX Font Info:    Checking defaults for PU/pdf/m/n on input line 5.
LaTeX Font Info:    ... okay on input line 5.

-- Lines per column: 52 (approximate, difference = 6.784pt).
(C:\Program Files\MiKTeX\tex/context/base/mkii\supp-pdf.mkii
[Loading MPS to PDF converter (version 2006.09.02).]
\scratchcounter=\count418
\scratchdimen=\dimen343
\scratchbox=\box81
\nofMPsegments=\count419
\nofMParguments=\count420
\everyMPshowfont=\toks55
\MPscratchCnt=\count421
\MPscratchDim=\dimen344
\MPnumerator=\count422
\makeMPintoPDFobject=\count423
\everyMPtoPDFconversion=\toks56
) (C:\Program Files\MiKTeX\tex/latex/epstopdf-pkg\epstopdf-base.sty
Package: epstopdf-base 2020-01-24 v2.11 Base part for package epstopdf
Package epstopdf-base Info: Redefining graphics rule for `.eps' on input line 485.
 (C:\Program Files\MiKTeX\tex/latex/00miktex\epstopdf-sys.cfg
File: epstopdf-sys.cfg 2021/03/18 v2.0 Configuration of epstopdf for MiKTeX
))
Package hyperref Info: Link coloring ON on input line 5.
 (main.out) (main.out)
\@outlinefile=\write6
\openout6 = `main.out'.

Package caption Info: Begin \AtBeginDocument code.
Package caption Info: longtable package is loaded.
 (C:\Program Files\MiKTeX\tex/latex/caption\ltcaption.sty
Package: ltcaption 2021/01/08 v1.4c longtable captions (AR)
)
Package caption Info: supertabular package is loaded.
Package caption Info: End \AtBeginDocument code.

*geometry* driver: auto-detecting
*geometry* detected driver: pdftex
*geometry* verbose mode - [ preamble ] result:
* driver: pdftex
* paper: a4paper
* layout: <same size as paper>
* layoutoffset:(h,v)=(0.0pt,0.0pt)
* modes: 
* h-part:(L,W,R)=(56.9055pt, 483.69687pt, 56.9055pt)
* v-part:(T,H,B)=(71.13188pt, 702.78308pt, 71.13188pt)
* \paperwidth=597.50787pt
* \paperheight=845.04684pt
* \textwidth=483.69687pt
* \textheight=702.78308pt
* \oddsidemargin=-15.36449pt
* \evensidemargin=-15.36449pt
* \topmargin=-31.34766pt
* \headheight=12.0pt
* \headsep=18.20955pt
* \topskip=13.3846pt
* \footskip=41.96693pt
* \marginparwidth=20.0pt
* \marginparsep=10.0pt
* \columnsep=12.0pt
* \skip\footins=12.04605pt plus 5.35374pt minus 2.67686pt
* \hoffset=0.0pt
* \voffset=0.0pt
* \mag=1000
* \@twocolumnfalse
* \@twosidefalse
* \@mparswitchfalse
* \@reversemarginfalse
* (1in=72.27pt=25.4mm, 1cm=28.453pt)

(sections/title-page.tex
<figures/MDU_logotyp.png, id=320, 629.35126pt x 376.40625pt>
File: figures/MDU_logotyp.png Graphic file (type png)
<use figures/MDU_logotyp.png>
Package pdftex.def Info: figures/MDU_logotyp.png  used on input line 4.
(pdftex.def)             Requested size: 128.0374pt x 76.57794pt.
<figures/IDS-logo-black-text.png, id=322, 1106.63437pt x 602.25pt>
File: figures/IDS-logo-black-text.png Graphic file (type png)
<use figures/IDS-logo-black-text.png>
Package pdftex.def Info: figures/IDS-logo-black-text.png  used on input line 9.
(pdftex.def)             Requested size: 128.0374pt x 69.67542pt.

Underfull \hbox (badness 10000) in paragraph at lines 43--44

 []

[0
\openout4 = `main.ist'.

{C:/Users/Andrea/AppData/Local/MiKTeX/fonts/map/pdftex/pdftex.map}{C:/Program Files/MiKTeX/fonts/enc/dvips/base/8r.enc} <./figures/MDU_logotyp.png> <./figures/IDS-logo-black-text.png>]) (sections/review-page.tex
LaTeX Font Info:    Calculating math sizes for size <11> on input line 10.
LaTeX Font Info:    Calculating math sizes for size <14> on input line 28.
<figures/signature-em.jpg, id=335, 380.92313pt x 185.19188pt>
File: figures/signature-em.jpg Graphic file (type jpg)
<use figures/signature-em.jpg>
Package pdftex.def Info: figures/signature-em.jpg  used on input line 32.
(pdftex.def)             Requested size: 56.9055pt x 27.66454pt.
<figures/signature-ymb.png, id=336, 210.03468pt x 91.09032pt>
File: figures/signature-ymb.png Graphic file (type png)
<use figures/signature-ymb.png>
Package pdftex.def Info: figures/signature-ymb.png  used on input line 34.
(pdftex.def)             Requested size: 56.9055pt x 24.67949pt.

Overfull \hbox (14.0303pt too wide) in paragraph at lines 28--37
 [][] 
 []


Overfull \hbox (1.6273pt too wide) in paragraph at lines 44--61
 [][] 
 []

) [1 <./figures/signature-em.jpg> <./figures/signature-ymb.png>] (main.toc [2])
\tf@toc=\write7
\openout7 = `main.toc'.

 [3] (main.lof)
\tf@lof=\write8
\openout8 = `main.lof'.


No file main.gls.
[4

] (sections/1-introduction.tex [5]) [6] (sections/2-goals-reqs.tex
Overfull \hbox (20.50374pt too wide) in paragraph at lines 3--4
\T1/ptm/m/n/11 tions are kept in four arte-facts (goals, drone_swarm_requirements, sys-tem_requirements, sub-sys-tem_requirements)
 []

[7]) [8] (sections/3-system-context.tex [9] [10] [11]
<figures/System-Design/SD-01_BDD - Protocol Context 2.0.png, id=637, 934.49126pt x 585.18625pt>
File: figures/System-Design/SD-01_BDD - Protocol Context 2.0.png Graphic file (type png)
<use figures/System-Design/SD-01_BDD - Protocol Context 2.0.png>
Package pdftex.def Info: figures/System-Design/SD-01_BDD - Protocol Context 2.0.png  used on input line 242.
(pdftex.def)             Requested size: 483.69687pt x 302.89671pt.
) [12] [13 <./figures/System-Design/SD-01_BDD - Protocol Context 2.0.png (PNG copy)>] (sections/4-system-overview.tex [14] [15]
<figures/System-Design/SD-03_AD - Swarm Registration 2.0.png, id=703, 684.5575pt x 770.88pt>
File: figures/System-Design/SD-03_AD - Swarm Registration 2.0.png Graphic file (type png)
<use figures/System-Design/SD-03_AD - Swarm Registration 2.0.png>
Package pdftex.def Info: figures/System-Design/SD-03_AD - Swarm Registration 2.0.png  used on input line 116.
(pdftex.def)             Requested size: 338.58632pt x 381.28683pt.
<figures/System-Design/SD-04_AD - Search Area Division 1.0.png, id=706, 463.7325pt x 529.98pt>
File: figures/System-Design/SD-04_AD - Search Area Division 1.0.png Graphic file (type png)
<use figures/System-Design/SD-04_AD - Search Area Division 1.0.png>
Package pdftex.def Info: figures/System-Design/SD-04_AD - Search Area Division 1.0.png  used on input line 124.
(pdftex.def)             Requested size: 241.84843pt x 276.39986pt.
 [16 <./figures/System-Design/SD-03_AD - Swarm Registration 2.0.png (PNG copy)>]
<figures/System-Design/SD-20_AD - Initial Sectors 1.0.png, id=718, 644.4075pt x 790.955pt>
File: figures/System-Design/SD-20_AD - Initial Sectors 1.0.png Graphic file (type png)
<use figures/System-Design/SD-20_AD - Initial Sectors 1.0.png>
Package pdftex.def Info: figures/System-Design/SD-20_AD - Initial Sectors 1.0.png  used on input line 132.
(pdftex.def)             Requested size: 338.58632pt x 415.59554pt.
 [17 <./figures/System-Design/SD-04_AD - Search Area Division 1.0.png (PNG copy)>] [18 <./figures/System-Design/SD-20_AD - Initial Sectors 1.0.png (PNG copy)>]) [19] (sections/5-system-architecture.tex
<figures/System-Design/SD-24_AD - Initial Neighbourhoods 1.0.png, id=780, 790.955pt x 831.105pt>
File: figures/System-Design/SD-24_AD - Initial Neighbourhoods 1.0.png Graphic file (type png)
<use figures/System-Design/SD-24_AD - Initial Neighbourhoods 1.0.png>
Package pdftex.def Info: figures/System-Design/SD-24_AD - Initial Neighbourhoods 1.0.png  used on input line 46.
(pdftex.def)             Requested size: 386.95897pt x 406.59825pt.
 [20]
<figures/System-Design/SD-25_AD - Recalculate Neighbourhoods 1.0.png, id=789, 606.265pt x 623.32875pt>
File: figures/System-Design/SD-25_AD - Recalculate Neighbourhoods 1.0.png Graphic file (type png)
<use figures/System-Design/SD-25_AD - Recalculate Neighbourhoods 1.0.png>
Package pdftex.def Info: figures/System-Design/SD-25_AD - Recalculate Neighbourhoods 1.0.png  used on input line 55.
(pdftex.def)             Requested size: 386.95897pt x 397.85426pt.
 [21 <./figures/System-Design/SD-24_AD - Initial Neighbourhoods 1.0.png (PNG copy)>] [22 <./figures/System-Design/SD-25_AD - Recalculate Neighbourhoods 1.0.png (PNG copy)>]
<figures/System-Design/SD-10_IBD - Agent 1.0.png, id=807, 989.6975pt x 282.05376pt>
File: figures/System-Design/SD-10_IBD - Agent 1.0.png Graphic file (type png)
<use figures/System-Design/SD-10_IBD - Agent 1.0.png>
Package pdftex.def Info: figures/System-Design/SD-10_IBD - Agent 1.0.png  used on input line 95.
(pdftex.def)             Requested size: 483.69687pt x 137.84602pt.
<figures/System-Design/SD-13_BDD - Protocol 1.0.png, id=817, 1264.725pt x 382.42876pt>
File: figures/System-Design/SD-13_BDD - Protocol 1.0.png Graphic file (type png)
<use figures/System-Design/SD-13_BDD - Protocol 1.0.png>
Package pdftex.def Info: figures/System-Design/SD-13_BDD - Protocol 1.0.png  used on input line 118.
(pdftex.def)             Requested size: 483.69687pt x 146.25809pt.
 [23 <./figures/System-Design/SD-10_IBD - Agent 1.0.png (PNG copy)>]
<figures/System-Design/SD-16_IBD - Protocol 1.0.png, id=830, 944.52875pt x 282.05376pt>
File: figures/System-Design/SD-16_IBD - Protocol 1.0.png Graphic file (type png)
<use figures/System-Design/SD-16_IBD - Protocol 1.0.png>
Package pdftex.def Info: figures/System-Design/SD-16_IBD - Protocol 1.0.png  used on input line 125.
(pdftex.def)             Requested size: 483.69687pt x 144.44373pt.
 [24 <./figures/System-Design/SD-13_BDD - Protocol 1.0.png (PNG copy)> <./figures/System-Design/SD-16_IBD - Protocol 1.0.png (PNG copy)>]
<figures/System-Design/SD-15_IBD - Protocol BlackBox 1.0.png, id=841, 549.05125pt x 201.75375pt>
File: figures/System-Design/SD-15_IBD - Protocol BlackBox 1.0.png Graphic file (type png)
<use figures/System-Design/SD-15_IBD - Protocol BlackBox 1.0.png>
Package pdftex.def Info: figures/System-Design/SD-15_IBD - Protocol BlackBox 1.0.png  used on input line 183.
(pdftex.def)             Requested size: 338.58632pt x 124.41798pt.
<figures/System-Design/SD-09_FlowSpecifications - RxTx 1.0.png, id=848, 1205.50375pt x 328.22626pt>
File: figures/System-Design/SD-09_FlowSpecifications - RxTx 1.0.png Graphic file (type png)
<use figures/System-Design/SD-09_FlowSpecifications - RxTx 1.0.png>
Package pdftex.def Info: figures/System-Design/SD-09_FlowSpecifications - RxTx 1.0.png  used on input line 190.
(pdftex.def)             Requested size: 483.69687pt x 131.69385pt.
 [25 <./figures/System-Design/SD-15_IBD - Protocol BlackBox 1.0.png (PNG copy)> <./figures/System-Design/SD-09_FlowSpecifications - RxTx 1.0.png (PNG copy)>] [26]
<figures/System-Design/SD-14_IBD - StaticInfo 1.0.png, id=868, 643.40375pt x 261.97874pt>
File: figures/System-Design/SD-14_IBD - StaticInfo 1.0.png Graphic file (type png)
<use figures/System-Design/SD-14_IBD - StaticInfo 1.0.png>
Package pdftex.def Info: figures/System-Design/SD-14_IBD - StaticInfo 1.0.png  used on input line 302.
(pdftex.def)             Requested size: 338.58632pt x 137.86868pt.
 [27 <./figures/System-Design/SD-14_IBD - StaticInfo 1.0.png (PNG copy)>]
<figures/System-Design/SD-05_DataTypes 1.0.png, id=882, 1024.82875pt x 328.22626pt>
File: figures/System-Design/SD-05_DataTypes 1.0.png Graphic file (type png)
<use figures/System-Design/SD-05_DataTypes 1.0.png>
Package pdftex.def Info: figures/System-Design/SD-05_DataTypes 1.0.png  used on input line 361.
(pdftex.def)             Requested size: 435.32422pt x 139.42169pt.
 [28]
<figures/System-Design/SD-06_RumourOrigins 1.0.png, id=888, 1285.80376pt x 407.5225pt>
File: figures/System-Design/SD-06_RumourOrigins 1.0.png Graphic file (type png)
<use figures/System-Design/SD-06_RumourOrigins 1.0.png>
Package pdftex.def Info: figures/System-Design/SD-06_RumourOrigins 1.0.png  used on input line 368.
(pdftex.def)             Requested size: 483.69687pt x 153.29936pt.
<figures/System-Design/SD-07_RumourSources 1.0.png, id=889, 1426.32875pt x 388.45125pt>
File: figures/System-Design/SD-07_RumourSources 1.0.png Graphic file (type png)
<use figures/System-Design/SD-07_RumourSources 1.0.png>
Package pdftex.def Info: figures/System-Design/SD-07_RumourSources 1.0.png  used on input line 375.
(pdftex.def)             Requested size: 483.69687pt x 131.72789pt.
<figures/System-Design/SD-08_RumourOpinions 1.0.png, id=890, 824.07875pt x 446.66875pt>
File: figures/System-Design/SD-08_RumourOpinions 1.0.png Graphic file (type png)
<use figures/System-Design/SD-08_RumourOpinions 1.0.png>
Package pdftex.def Info: figures/System-Design/SD-08_RumourOpinions 1.0.png  used on input line 382.
(pdftex.def)             Requested size: 483.69687pt x 262.17596pt.
 [29 <./figures/System-Design/SD-05_DataTypes 1.0.png (PNG copy)> <./figures/System-Design/SD-06_RumourOrigins 1.0.png (PNG copy)> <./figures/System-Design/SD-07_RumourSources 1.0.png (PNG copy)>]
<figures/System-Design/SD-11_BDD - SwarmInterface 1.0.png, id=898, 1105.12875pt x 381.425pt>
File: figures/System-Design/SD-11_BDD - SwarmInterface 1.0.png Graphic file (type png)
<use figures/System-Design/SD-11_BDD - SwarmInterface 1.0.png>
Package pdftex.def Info: figures/System-Design/SD-11_BDD - SwarmInterface 1.0.png  used on input line 414.
(pdftex.def)             Requested size: 435.32422pt x 150.24509pt.
 [30 <./figures/System-Design/SD-08_RumourOpinions 1.0.png (PNG copy)>]
<figures/System-Design/SD-12_IBD - SwarmInterface BlackBox 1.0.png, id=906, 480.79625pt x 101.37875pt>
File: figures/System-Design/SD-12_IBD - SwarmInterface BlackBox 1.0.png Graphic file (type png)
<use figures/System-Design/SD-12_IBD - SwarmInterface BlackBox 1.0.png>
Package pdftex.def Info: figures/System-Design/SD-12_IBD - SwarmInterface BlackBox 1.0.png  used on input line 421.
(pdftex.def)             Requested size: 290.22107pt x 61.19588pt.
<figures/System-Design/SD-21_IBD - Communication Context 1.0.png, id=911, 1044.90375pt x 650.43pt>
File: figures/System-Design/SD-21_IBD - Communication Context 1.0.png Graphic file (type png)
<use figures/System-Design/SD-21_IBD - Communication Context 1.0.png>
Package pdftex.def Info: figures/System-Design/SD-21_IBD - Communication Context 1.0.png  used on input line 447.
(pdftex.def)             Requested size: 483.69687pt x 301.09705pt.
) [31 <./figures/System-Design/SD-11_BDD - SwarmInterface 1.0.png (PNG copy)> <./figures/System-Design/SD-12_IBD - SwarmInterface BlackBox 1.0.png (PNG copy)>] [32 <./figures/System-Design/SD-21_IBD - Communication Context 1.0.png (PNG copy)>] (sections/6-rumour-mill.tex [33] [34]
<figures/System-Design/SD-17_AD - Rumour Mill 1.0.png, id=953, 726.715pt x 663.47874pt>
File: figures/System-Design/SD-17_AD - Rumour Mill 1.0.png Graphic file (type png)
<use figures/System-Design/SD-17_AD - Rumour Mill 1.0.png>
Package pdftex.def Info: figures/System-Design/SD-17_AD - Rumour Mill 1.0.png  used on input line 106.
(pdftex.def)             Requested size: 386.95897pt x 353.29224pt.
 [35 <./figures/System-Design/SD-17_AD - Rumour Mill 1.0.png (PNG copy)>] [36] [37]) [38] (sections/7-sector-allocation.tex [39] [40]
LaTeX Info: Symbol \textrightarrow not provided by
            font family ptm in TS1 encoding.
            Default family used instead on input line 148.
LaTeX Info: Symbol \textrightarrow not provided by
            font family ptm in TS1 encoding.
            Default family used instead on input line 148.
 [41]) [42] [43] (sections/8-task-role.tex
Overfull \hbox (13.6026pt too wide) in paragraph at lines 1--1
|[]\T1/ptm/m/n/24 Agent Task & Role Al-lo-ca-tion (Be-haviour Layer)| 
 []


Overfull \hbox (10.57599pt too wide) in paragraph at lines 52--53
[]\T1/ptm/m/n/11 The agent po-si-tions it-self to im-prove com-mu-ni-ca-tion cov-er-age be-tween other agents and/or the SwarmInter-
 []

[44] [45] [46]
<figures/state flow diagram-even better.png, id=1147, 852.93657pt x 508.90125pt>
File: figures/state flow diagram-even better.png Graphic file (type png)
<use figures/state flow diagram-even better.png>
Package pdftex.def Info: figures/state flow diagram-even better.png  used on input line 217.
(pdftex.def)             Requested size: 483.69687pt x 288.60133pt.
 [47 <./figures/state flow diagram-even better.png>]) [48] (sections/9-safety.tex [49] [50] [51] [52]) [53] (sections/10-future-work.tex [54] [55]) [56] (main.bbl
** WARNING: IEEEtran.bst: No hyphenation pattern has been
** loaded for the language `eng'. Using the pattern for
** the default language instead.
** WARNING: IEEEtran.bst: No hyphenation pattern has been
** loaded for the language `eng'. Using the pattern for
** the default language instead.
) [57] (sections/appendix.tex
Overfull \hbox (8.53592pt too wide) in paragraph at lines 34--34
[]|[]| 
 []

<figures/System-Design/SD-02_BDD - UAV 1.0.png, id=1258, 705.63625pt x 361.35pt>
File: figures/System-Design/SD-02_BDD - UAV 1.0.png Graphic file (type png)
<use figures/System-Design/SD-02_BDD - UAV 1.0.png>
Package pdftex.def Info: figures/System-Design/SD-02_BDD - UAV 1.0.png  used on input line 51.
(pdftex.def)             Requested size: 386.95897pt x 198.15866pt.
)

** Conference Paper **
Before submitting the final camera ready copy, remember to:

 1. Manually equalize the lengths of two columns on the last page
 of your paper;

 2. Ensure that any PostScript and/or PDF output post-processing
 uses only Type 1 fonts and that every step in the generation
 process uses the appropriate paper size.

[58

 <./figures/System-Design/SD-02_BDD - UAV 1.0.png (PNG copy)>] [59] 
enddocument/afterlastpage (AED): lastpage setting LastPage.
(main.aux)
 ***********
LaTeX2e <2025-11-01>
L3 programming layer <2025-11-06>
 ***********
Package rerunfilecheck Info: File `main.out' has not changed.
(rerunfilecheck)             Checksum: E813C56BD6C39BEE6FC2A6994481187E;15829.
 ) 
Here is how much of TeX's memory you used:
 37392 strings out of 467871
 729898 string characters out of 5428440
 1188937 words of memory out of 5000000
 65360 multiletter control sequences out of 15000+600000
 737641 words of font info for 160 fonts, out of 8000000 for 9000
 1141 hyphenation exceptions out of 8191
 89i,18n,107p,2611b,814s stack positions out of 10000i,1000n,20000p,200000b,200000s

pdfTeX warning (dest): name{glo:uuid} has been referenced but does not exist, replaced by a fixed one


pdfTeX warning (dest): name{glo:adhoc} has been referenced but does not exist, replaced by a fixed one


pdfTeX warning (dest): name{glo:hotregion} has been referenced but does not exist, replaced by a fixed one


pdfTeX warning (dest): name{glo:subject} has been referenced but does not exist, replaced by a fixed one


pdfTeX warning (dest): name{glo:secmarket} has been referenced but does not exist, replaced by a fixed one


pdfTeX warning (dest): name{glo:rumourmill} has been referenced but does not exist, replaced by a fixed one


pdfTeX warning (dest): name{glo:sar} has been referenced but does not exist, replaced by a fixed one


pdfTeX warning (dest): name{glo:irds} has been referenced but does not exist, replaced by a fixed one


pdfTeX warning (dest): name{glo:ibd} has been referenced but does not exist, replaced by a fixed one


pdfTeX warning (dest): name{glo:sector} has been referenced but does not exist, replaced by a fixed one


pdfTeX warning (dest): name{glo:searcharea} has been referenced but does not exist, replaced by a fixed one


pdfTeX warning (dest): name{glo:actdia} has been referenced but does not exist, replaced by a fixed one


pdfTeX warning (dest): name{glo:searchmana} has been referenced but does not exist, replaced by a fixed one


pdfTeX warning (dest): name{glo:uav} has been referenced but does not exist, replaced by a fixed one


pdfTeX warning (dest): name{glo:fmu} has been referenced but does not exist, replaced by a fixed one


pdfTeX warning (dest): name{glo:agent} has been referenced but does not exist, replaced by a fixed one


pdfTeX warning (dest): name{glo:bdd} has been referenced but does not exist, replaced by a fixed one

 <C:\Users\Andrea\AppData\Local\MiKTeX\fonts/pk/ljfour/jknappen/ec/dpi600\tcrm1095.pk><C:/Program Files/MiKTeX/fonts/type1/public/amsfonts/cm/cmmi10.pfb><C:/Program Files/MiKTeX/fonts/type1/public/amsfonts/cm/cmmi12.pfb><C:/Program Files/MiKTeX/fonts/type1/public/amsfonts/cm/cmmi8.pfb><C:/Program Files/MiKTeX/fonts/type1/public/amsfonts/cm/cmr10.pfb><C:/Program Files/MiKTeX/fonts/type1/public/amsfonts/cm/cmsy10.pfb><C:/Program Files/MiKTeX/fonts/type1/public/amsfonts/cm/cmsy8.pfb><C:/Program Files/MiKTeX/fonts/type1/urw/times/utmb8a.pfb><C:/Program Files/MiKTeX/fonts/type1/urw/times/utmr8a.pfb><C:/Program Files/MiKTeX/fonts/type1/urw/times/utmri8a.pfb>
Output written on main.pdf (60 pages, 1094868 bytes).
PDF statistics:
 1395 PDF objects out of 1440 (max. 8388607)
 364 named destinations out of 1000 (max. 500000)
 775 words of extra memory for PDF output out of 10000 (max. 10000000)

